<?xml version="1.0" encoding="UTF-8"?>
<!-- Generated by org.testng.reporters.JUnitXMLReporter -->
<testsuite hostname="DESKTOP-VQCK5T1" ignored="5" name="Test" tests="2" failures="0" timestamp="07 Oct 2019 21:13:26 GMT" time="57.227" errors="0">
  <testcase name="Test_Automation" time="32.943" classname="com.automation.test.AutomationTest"/>
  <testcase name="verifySearchBox_NegativeTest" time="7.832" classname="com.automation.test.PrestaShop_SmokeTest"/>
  <testcase name="product_Info" time="0.0" classname="com.automation.test.PrestaShop_SmokeTest">
    <ignored/>
  </testcase> <!-- product_Info -->
  <testcase name="producitInfo_addTO_car" time="0.0" classname="com.automation.test.PrestaShop_SmokeTest">
    <ignored/>
  </testcase> <!-- producitInfo_addTO_car -->
  <testcase name="verifySearchBox_positive" time="0.0" classname="com.automation.test.PrestaShop_SmokeTest">
    <ignored/>
  </testcase> <!-- verifySearchBox_positive -->
  <testcase name="verifySearchBox_Negative" time="0.0" classname="com.automation.test.PrestaShop_SmokeTest">
    <ignored/>
  </testcase> <!-- verifySearchBox_Negative -->
  <testcase name="productInfo_Test" time="0.0" classname="com.automation.test.PrestaShop_SmokeTest">
    <ignored/>
  </testcase> <!-- productInfo_Test -->
</testsuite> <!-- Test -->
